C51 COMPILER V9.01   5120210510                                                            05/10/2021 18:31:13 PAGE 1   


C51 COMPILER V9.01, COMPILATION OF MODULE 5120210510
OBJECT MODULE PLACED IN 5120210510.OBJ
COMPILER INVOKED BY: E:\keil\C51\BIN\C51.EXE 5120210510.c BROWSE DEBUG OBJECTEXTEND

line level    source

   1          #include<reg52.h>
   2          sbit led=P2^1;
   3          void main()
   4           {
   5   1              unsigned int i=0;
   6   1              while(1)
   7   1              {
   8   2                 led=0;
   9   2                 for(i=0;i<3000;i++);
  10   2                 led=1;
  11   2                 for(i=0;i<3000;i++);
  12   2              }
  13   1       }
  14          


MODULE INFORMATION:   STATIC OVERLAYABLE
   CODE SIZE        =     37    ----
   CONSTANT SIZE    =   ----    ----
   XDATA SIZE       =   ----    ----
   PDATA SIZE       =   ----    ----
   DATA SIZE        =   ----    ----
   IDATA SIZE       =   ----    ----
   BIT SIZE         =   ----    ----
END OF MODULE INFORMATION.


C51 COMPILATION COMPLETE.  0 WARNING(S),  0 ERROR(S)
