C51 COMPILER V9.01   LED                                                                   04/29/2021 18:30:41 PAGE 1   


C51 COMPILER V9.01, COMPILATION OF MODULE LED
OBJECT MODULE PLACED IN LED.OBJ
COMPILER INVOKED BY: E:\keil\C51\BIN\C51.EXE LED.c BROWSE DEBUG OBJECTEXTEND

line level    source

   1          #include<reg52.h>
   2          sbit LED=P2^0;
   3          sbit LED1=P2^1;
   4          sbit LED2=P2^2;
   5          void main()
   6          {        
   7   1      
   8   1      
   9   1              LED=1;
  10   1              LED1=1;
  11   1              LED2=1; 
  12   1              while(1);
  13   1              {
  14   2       
  15   2              }       
  16   1      
  17   1      }


MODULE INFORMATION:   STATIC OVERLAYABLE
   CODE SIZE        =      8    ----
   CONSTANT SIZE    =   ----    ----
   XDATA SIZE       =   ----    ----
   PDATA SIZE       =   ----    ----
   DATA SIZE        =   ----    ----
   IDATA SIZE       =   ----    ----
   BIT SIZE         =   ----    ----
END OF MODULE INFORMATION.


C51 COMPILATION COMPLETE.  0 WARNING(S),  0 ERROR(S)
