C51 COMPILER V9.01   MAIN                                                                  04/28/2021 18:47:19 PAGE 1   


C51 COMPILER V9.01, COMPILATION OF MODULE MAIN
OBJECT MODULE PLACED IN main.OBJ
COMPILER INVOKED BY: E:\keil\C51\BIN\C51.EXE main.c BROWSE DEBUG OBJECTEXTEND

line level    source

   1          #include "reg52.h"                       //此文件中定义了单片机的一些特殊功能寄存器
   2          typedef unsigned int u16;         //对数据类型进行声明定义
   3          typedef unsigned char u8;
   4          
   5          
   6          sbit led=P2^0;           //将单片机的P0.0端口定义为led
   7          
   8          /*******************************************************************************
   9          * 函 数 名         : delay
  10          * 函数功能                 : 延时函数，i=1时，大约延时10us
  11          *******************************************************************************/
  12          void delay(u16 i)
  13          {
  14   1              while(i--);     
  15   1      }
  16          
  17          /*******************************************************************************
  18          * 函 数 名       : main
  19          * 函数功能               : 主函数
  20          * 输    入       : 无
  21          * 输    出       : 无
  22          *******************************************************************************/
  23          void main()
  24          {
  25   1              while(1)
  26   1              {
  27   2                      led=0;
  28   2                      delay(50000); //大约延时450ms
  29   2                      led=1;
  30   2                      delay(50000); //大约延时450ms   
  31   2              }               
  32   1      }


MODULE INFORMATION:   STATIC OVERLAYABLE
   CODE SIZE        =     31    ----
   CONSTANT SIZE    =   ----    ----
   XDATA SIZE       =   ----    ----
   PDATA SIZE       =   ----    ----
   DATA SIZE        =   ----    ----
   IDATA SIZE       =   ----    ----
   BIT SIZE         =   ----    ----
END OF MODULE INFORMATION.


C51 COMPILATION COMPLETE.  0 WARNING(S),  0 ERROR(S)
