C51 COMPILER V9.01   1_0513                                                                05/13/2021 18:22:00 PAGE 1   


C51 COMPILER V9.01, COMPILATION OF MODULE 1_0513
OBJECT MODULE PLACED IN 1_0513.OBJ
COMPILER INVOKED BY: E:\keil\C51\BIN\C51.EXE 1_0513.c BROWSE DEBUG OBJECTEXTEND

line level    source

   1          #include<reg52.h>
   2          sbit a=P2^2;
   3          sbit b=P2^3;
   4          sbit c=P2^4;
   5          unsigned char code LedChar[16]={0x3f,0x06,0x5b,0x4f,0x66,0x6d,0x7d,0x07,0x7f,0x6f,0x77,0x7c,0x39,0x5e,0x79
             -,0x71};
   6          unsigned char LedBuff[8]={0xff,0xff,0xff,0xff,0xff,0xff,0xff,0xff};
   7          void main()
   8          {
   9   1              unsigned int cnt=0;
  10   1              unsigned int sec=0;
  11   1              unsigned char i=0;
  12   1              a=0;
  13   1              b=0;
  14   1              c=0;
  15   1              TMOD=0x01;
  16   1              TH0=0xFC;
  17   1              TL0=0x18;
  18   1              TR0=1;
  19   1              while(1)
  20   1              {
  21   2                      if(TF0==1)
  22   2                      {
  23   3                              TF0=0;
  24   3                              TH0=0xFC;
  25   3                              TL0=0x18;
  26   3                              cnt++;
  27   3                              if(cnt>=1000)
  28   3                              {
  29   4                                      cnt=0;
  30   4                                      sec++;
  31   4                                      LedBuff[0]=LedChar[sec%10];
  32   4                                      LedBuff[1]=LedChar[sec/10%10];
  33   4                                      LedBuff[2]=LedChar[sec/100%10];
  34   4                                      LedBuff[3]=LedChar[sec/1000%10];
  35   4                                      LedBuff[4]=LedChar[sec/10000%10];
  36   4                                      LedBuff[5]=LedChar[sec/100000%10];
  37   4                                      LedBuff[6]=LedChar[sec/1000000%10];
  38   4                                      LedBuff[7]=LedChar[sec/10000000%10];                                            
  39   4                              }
  40   3      //                      if(i==0)
  41   3      //                      {a=0;b=0;c=0;i++;P0=LedBuff[0];}
  42   3      //                      else if(i==1)
  43   3      //                      {a=1;b=0;c=0;i++;P0=LedBuff[1];}
  44   3      //                      else if(i==2)
  45   3      //                      {a=0;b=1;c=0;i++;P0=LedBuff[2];}
  46   3      //                      else if(i==3)
  47   3      //                      {a=1;b=1;c=0;i++;P0=LedBuff[3];}
  48   3      //                      else if(i==4)
  49   3      //                      {a=0;b=0;c=1;i++;P0=LedBuff[4];}
  50   3      //                      else if(i==5)
  51   3      //                      {a=1;b=0;c=1;i++;P0=LedBuff[5];}
  52   3      //                      else if(i==6)
  53   3      //                      {a=0;b=1;c=1;i++;P0=LedBuff[6];}
  54   3      //                      else if(i==7)
C51 COMPILER V9.01   1_0513                                                                05/13/2021 18:22:00 PAGE 2   

  55   3      //                      {a=1;b=1;c=1;i=0;P0=LedBuff[7];}
  56   3                              P0=0x00;
  57   3                              switch(i)
  58   3                              {
  59   4                                      case 0:a=0;b=0;c=0;i++;P0=LedBuff[0];break;
  60   4                                      case 1:a=1;b=0;c=0;i++;P0=LedBuff[1];break;
  61   4                                      case 2:a=0;b=1;c=0;i++;P0=LedBuff[2];break;
  62   4                                      case 3:a=1;b=1;c=0;i++;P0=LedBuff[3];break;
  63   4                                      case 4:a=0;b=0;c=1;i++;P0=LedBuff[4];break;
  64   4                                      case 5:a=1;b=0;c=1;i++;P0=LedBuff[5];break;
  65   4                                      case 6:a=0;b=1;c=1;i++;P0=LedBuff[6];break;
  66   4                                      case 7:a=1;b=1;c=1;i=0;P0=LedBuff[7];break;
  67   4                                      default:break;
  68   4                              }
  69   3                      }
  70   2              }
  71   1      
  72   1      
  73   1      
  74   1      
  75   1      }


MODULE INFORMATION:   STATIC OVERLAYABLE
   CODE SIZE        =    501    ----
   CONSTANT SIZE    =     16    ----
   XDATA SIZE       =   ----    ----
   PDATA SIZE       =   ----    ----
   DATA SIZE        =      8       5
   IDATA SIZE       =   ----    ----
   BIT SIZE         =   ----    ----
END OF MODULE INFORMATION.


C51 COMPILATION COMPLETE.  0 WARNING(S),  0 ERROR(S)
