C51 COMPILER V9.01   LIUSHUIDENG                                                           05/11/2021 19:04:06 PAGE 1   


C51 COMPILER V9.01, COMPILATION OF MODULE LIUSHUIDENG
OBJECT MODULE PLACED IN liushuideng.OBJ
COMPILER INVOKED BY: E:\keil\C51\BIN\C51.EXE liushuideng.c BROWSE DEBUG OBJECTEXTEND

line level    source

   1          //#include<reg52.h>
   2          //sbit led=P2^1;
   3          //void main()
   4          //{
   5          //      unsigned int i=0;
   6          //      while(1)
   7          //   {
   8          //              led=0;
   9          //              for(i=0;i<30000;i++);
  10          //              led=1;
  11          //              for(i=0;i<30000;i++);
  12          //
  13          //      }
  14          //}
  15          #include<reg52.h>
  16          void main()
  17          {
  18   1              unsigned int i=0;
  19   1              while(1)
  20   1              {
  21   2                      P2=0xFE;
  22   2                      for(i=0;i<30000;i++);
  23   2                      P2=0xFD;
  24   2                      for(i=0;i<30000;i++);  
  25   2                      P2=0xFB;
  26   2                      for(i=0;i<30000;i++);  
  27   2                      P2=0xF7;
  28   2                      for(i=0;i<30000;i++);  
  29   2                      P2=0xEF;
  30   2                      for(i=0;i<30000;i++);  
  31   2                      P2=0xFDDF;
  32   2                      for(i=0;i<30000;i++);  
  33   2                      P2=0xBF;
  34   2                      for(i=0;i<30000;i++);  
  35   2                      P2=0x7F;
  36   2                      for(i=0;i<30000;i++);  
  37   2              }
  38   1      }


MODULE INFORMATION:   STATIC OVERLAYABLE
   CODE SIZE        =    144    ----
   CONSTANT SIZE    =   ----    ----
   XDATA SIZE       =   ----    ----
   PDATA SIZE       =   ----    ----
   DATA SIZE        =   ----    ----
   IDATA SIZE       =   ----    ----
   BIT SIZE         =   ----    ----
END OF MODULE INFORMATION.


C51 COMPILATION COMPLETE.  0 WARNING(S),  0 ERROR(S)
