C51 COMPILER V9.01   LEDSHANSHUO                                                           05/08/2021 13:09:34 PAGE 1   


C51 COMPILER V9.01, COMPILATION OF MODULE LEDSHANSHUO
OBJECT MODULE PLACED IN LEDshanshuo.OBJ
COMPILER INVOKED BY: E:\keil\C51\BIN\C51.EXE LEDshanshuo.c BROWSE DEBUG OBJECTEXTEND

line level    source

   1          #include<reg52.h>
   2          sbit LED=P2^1;
   3          int main()
   4          {
   5   1              unsigned int i=0;
   6   1              while(1)
   7   1              {
   8   2                      LED=0;
   9   2      //              for(i=0;i<30000;i++);
  10   2      //              LED=1;
  11   2      //              for(i=0;i<30000;i++);
  12   2              
  13   2              }
  14   1      
  15   1      }


MODULE INFORMATION:   STATIC OVERLAYABLE
   CODE SIZE        =      9    ----
   CONSTANT SIZE    =   ----    ----
   XDATA SIZE       =   ----    ----
   PDATA SIZE       =   ----    ----
   DATA SIZE        =   ----       2
   IDATA SIZE       =   ----    ----
   BIT SIZE         =   ----    ----
END OF MODULE INFORMATION.


C51 COMPILATION COMPLETE.  0 WARNING(S),  0 ERROR(S)
